<?xml version="1.0" encoding="UTF-8"?>
<testng-results skipped="0" failed="0" total="3" passed="3">
  <reporter-output>
  </reporter-output>
  <suite name="Default suite" duration-ms="31" started-at="2017-04-20T10:08:35Z" finished-at="2017-04-20T10:08:35Z">
    <groups>
    </groups>
    <test name="Default test" duration-ms="31" started-at="2017-04-20T10:08:35Z" finished-at="2017-04-20T10:08:35Z">
      <class name="trainpack.testngpriority">
        <test-method status="PASS" signature="test2()[pri:0, instance:trainpack.testngpriority@117e6b6]" name="test2" is-config="true" duration-ms="0" started-at="2017-04-20T15:38:35Z" finished-at="2017-04-20T15:38:35Z">
          <reporter-output>
          </reporter-output>
        </test-method> <!-- test2 -->
        <test-method status="PASS" signature="test3()[pri:0, instance:trainpack.testngpriority@117e6b6]" name="test3" is-config="true" duration-ms="0" started-at="2017-04-20T15:38:35Z" finished-at="2017-04-20T15:38:35Z">
          <reporter-output>
          </reporter-output>
        </test-method> <!-- test3 -->
        <test-method status="PASS" signature="test1()[pri:0, instance:trainpack.testngpriority@117e6b6]" name="test1" is-config="true" duration-ms="0" started-at="2017-04-20T15:38:35Z" finished-at="2017-04-20T15:38:35Z">
          <reporter-output>
          </reporter-output>
        </test-method> <!-- test1 -->
        <test-method status="PASS" signature="test5()[pri:0, instance:trainpack.testngpriority@117e6b6]" name="test5" duration-ms="0" started-at="2017-04-20T15:38:35Z" finished-at="2017-04-20T15:38:35Z">
          <reporter-output>
          </reporter-output>
        </test-method> <!-- test5 -->
        <test-method status="PASS" signature="test6()[pri:0, instance:trainpack.testngpriority@117e6b6]" name="test6" is-config="true" duration-ms="0" started-at="2017-04-20T15:38:35Z" finished-at="2017-04-20T15:38:35Z">
          <reporter-output>
          </reporter-output>
        </test-method> <!-- test6 -->
        <test-method status="PASS" signature="test4()[pri:0, instance:trainpack.testngpriority@117e6b6]" name="test4" is-config="true" duration-ms="0" started-at="2017-04-20T15:38:35Z" finished-at="2017-04-20T15:38:35Z">
          <reporter-output>
          </reporter-output>
        </test-method> <!-- test4 -->
        <test-method status="PASS" signature="test6()[pri:0, instance:trainpack.testngpriority@117e6b6]" name="test6" is-config="true" duration-ms="0" started-at="2017-04-20T15:38:35Z" finished-at="2017-04-20T15:38:35Z">
          <reporter-output>
          </reporter-output>
        </test-method> <!-- test6 -->
        <test-method status="PASS" signature="test10()[pri:1, instance:trainpack.testngpriority@117e6b6]" name="test10" duration-ms="0" started-at="2017-04-20T15:38:35Z" finished-at="2017-04-20T15:38:35Z">
          <reporter-output>
          </reporter-output>
        </test-method> <!-- test10 -->
        <test-method status="PASS" signature="test4()[pri:0, instance:trainpack.testngpriority@117e6b6]" name="test4" is-config="true" duration-ms="0" started-at="2017-04-20T15:38:35Z" finished-at="2017-04-20T15:38:35Z">
          <reporter-output>
          </reporter-output>
        </test-method> <!-- test4 -->
        <test-method status="PASS" signature="test11()[pri:2, instance:trainpack.testngpriority@117e6b6]" name="test11" duration-ms="15" started-at="2017-04-20T15:38:35Z" finished-at="2017-04-20T15:38:35Z">
          <reporter-output>
          </reporter-output>
        </test-method> <!-- test11 -->
        <test-method status="PASS" signature="test4()[pri:0, instance:trainpack.testngpriority@117e6b6]" name="test4" is-config="true" duration-ms="0" started-at="2017-04-20T15:38:35Z" finished-at="2017-04-20T15:38:35Z">
          <reporter-output>
          </reporter-output>
        </test-method> <!-- test4 -->
        <test-method status="PASS" signature="test8()[pri:0, instance:trainpack.testngpriority@117e6b6]" name="test8" is-config="true" duration-ms="0" started-at="2017-04-20T15:38:35Z" finished-at="2017-04-20T15:38:35Z">
          <reporter-output>
          </reporter-output>
        </test-method> <!-- test8 -->
        <test-method status="PASS" signature="test7()[pri:0, instance:trainpack.testngpriority@117e6b6]" name="test7" is-config="true" duration-ms="0" started-at="2017-04-20T15:38:35Z" finished-at="2017-04-20T15:38:35Z">
          <reporter-output>
          </reporter-output>
        </test-method> <!-- test7 -->
        <test-method status="PASS" signature="test6()[pri:0, instance:trainpack.testngpriority@117e6b6]" name="test6" is-config="true" duration-ms="0" started-at="2017-04-20T15:38:35Z" finished-at="2017-04-20T15:38:35Z">
          <reporter-output>
          </reporter-output>
        </test-method> <!-- test6 -->
        <test-method status="PASS" signature="test9()[pri:0, instance:trainpack.testngpriority@117e6b6]" name="test9" is-config="true" duration-ms="0" started-at="2017-04-20T15:38:35Z" finished-at="2017-04-20T15:38:35Z">
          <reporter-output>
          </reporter-output>
        </test-method> <!-- test9 -->
      </class> <!-- trainpack.testngpriority -->
    </test> <!-- Default test -->
  </suite> <!-- Default suite -->
</testng-results>
